<?xml version="1.0" encoding="UTF-8" ?>
<testsuite tests="5" failures="0" name="TestTablero" time="0.013" errors="0" skipped="0">
  <properties>
    <property name="java.runtime.name" value="OpenJDK Runtime Environment"/>
    <property name="java.vm.version" value="15.0.2+7"/>
    <property name="sun.boot.library.path" value="C:\Program Files\ojdkbuild\java-15-openjdk-15.0.2-1\bin"/>
    <property name="maven.multiModuleProjectDirectory" value="D:\Datos\Documentos\NetBeansProjects\Conecta4"/>
    <property name="java.vm.vendor" value="ojdkbuild"/>
    <property name="java.vendor.url" value="https://github.com/ojdkbuild"/>
    <property name="guice.disable.misplaced.annotation.check" value="true"/>
    <property name="path.separator" value=";"/>
    <property name="java.vm.name" value="OpenJDK 64-Bit Server VM"/>
    <property name="sun.os.patch.level" value=""/>
    <property name="user.script" value=""/>
    <property name="user.country" value="ES"/>
    <property name="sun.java.launcher" value="SUN_STANDARD"/>
    <property name="test" value="TestTablero"/>
    <property name="java.vm.specification.name" value="Java Virtual Machine Specification"/>
    <property name="user.dir" value="D:\Datos\Documentos\NetBeansProjects\Conecta4"/>
    <property name="java.vm.compressedOopsMode" value="32-bit"/>
    <property name="java.runtime.version" value="15.0.2+7"/>
    <property name="os.arch" value="amd64"/>
    <property name="java.io.tmpdir" value="C:\Users\ana\AppData\Local\Temp\"/>
    <property name="line.separator" value="
"/>
    <property name="java.vm.specification.vendor" value="Oracle Corporation"/>
    <property name="user.variant" value=""/>
    <property name="os.name" value="Windows 10"/>
    <property name="maven.ext.class.path" value="C:\ProgramData\chocolatey\lib\apache-netbeans.portable\App\netbeans\java\maven-nblib\netbeans-eventspy.jar;C:\ProgramData\chocolatey\lib\apache-netbeans.portable\App\netbeans\java\maven-nblib\netbeans-eventspy.jar"/>
    <property name="classworlds.conf" value="C:\ProgramData\chocolatey\lib\apache-netbeans.portable\App\netbeans\java\maven\bin\..\bin\m2.conf"/>
    <property name="sun.jnu.encoding" value="Cp1252"/>
    <property name="java.library.path" value="C:\Program Files\ojdkbuild\java-15-openjdk-15.0.2-1\bin;C:\WINDOWS\Sun\Java\bin;C:\WINDOWS\system32;C:\WINDOWS;D:\oscar\ffmpeg\bin;C:\Program Files\dotnet\;C:\Program Files\Microsoft VS Code\bin;C:\ProgramData\chocolatey\bin;C:\Program Files\OpenJDK\jdk-17.0.1\bin;C:\Program Files\Go\bin;C:\Users\ana\AppData\Local\Microsoft\WindowsApps;D:\oscar\miktex\miktex\bin\x64\;C:\Program Files\JetBrains\IntelliJ IDEA Community Edition 2021.2.3\bin;;C:\Users\ana\AppData\Local\Pandoc\;C:\Program Files\Git\bin;C:\Python39\Scripts;C:\Users\ana\go\bin;."/>
    <property name="maven.conf" value="C:\ProgramData\chocolatey\lib\apache-netbeans.portable\App\netbeans\java\maven\bin\../conf"/>
    <property name="jdk.debug" value="release"/>
    <property name="java.class.version" value="59.0"/>
    <property name="java.specification.name" value="Java Platform API Specification"/>
    <property name="sun.management.compiler" value="HotSpot 64-Bit Tiered Compilers"/>
    <property name="os.version" value="10.0"/>
    <property name="library.jansi.path" value="C:\ProgramData\chocolatey\lib\apache-netbeans.portable\App\netbeans\java\maven\bin\..\lib\jansi-native"/>
    <property name="user.home" value="C:\Users\ana"/>
    <property name="user.timezone" value="Europe/Madrid"/>
    <property name="file.encoding" value="UTF-8"/>
    <property name="java.specification.version" value="15"/>
    <property name="user.name" value="ana"/>
    <property name="java.class.path" value="C:\ProgramData\chocolatey\lib\apache-netbeans.portable\App\netbeans\java\maven\bin\..\boot\plexus-classworlds-2.6.0.jar"/>
    <property name="java.vm.specification.version" value="15"/>
    <property name="sun.arch.data.model" value="64"/>
    <property name="sun.java.command" value="org.codehaus.plexus.classworlds.launcher.Launcher -Dtest=TestTablero -Dmaven.ext.class.path=C:\ProgramData\chocolatey\lib\apache-netbeans.portable\App\netbeans\java\maven-nblib\netbeans-eventspy.jar;C:\ProgramData\chocolatey\lib\apache-netbeans.portable\App\netbeans\java\maven-nblib\netbeans-eventspy.jar -Dfile.encoding=UTF-8 surefire:test"/>
    <property name="java.home" value="C:\Program Files\ojdkbuild\java-15-openjdk-15.0.2-1"/>
    <property name="user.language" value="es"/>
    <property name="java.specification.vendor" value="Oracle Corporation"/>
    <property name="java.vm.info" value="mixed mode, sharing"/>
    <property name="java.version" value="15.0.2"/>
    <property name="java.vendor" value="ojdkbuild"/>
    <property name="maven.home" value="C:\ProgramData\chocolatey\lib\apache-netbeans.portable\App\netbeans\java\maven\bin\.."/>
    <property name="file.separator" value="\"/>
    <property name="java.version.date" value="2021-01-19"/>
    <property name="java.vendor.url.bug" value="https://github.com/ojdkbuild/ojdkbuild/issues"/>
    <property name="sun.io.unicode.encoding" value="UnicodeLittle"/>
    <property name="sun.cpu.endian" value="little"/>
    <property name="java.vendor.version" value="20.9"/>
    <property name="sun.cpu.isalist" value="amd64"/>
  </properties>
  <testcase classname="TestTablero" name="TestTablero.testHorizontalFila0" time="0.012"/>
  <testcase classname="TestTablero" name="TestTablero.testDiagonalDeNOhaciaSW" time="0"/>
  <testcase classname="TestTablero" name="TestTablero.testVerticalFila0" time="0"/>
  <testcase classname="TestTablero" name="TestTablero.testOtraDiagonal" time="0.001"/>
  <testcase classname="TestTablero" name="TestTablero.testVerticallFila1" time="0"/>
</testsuite>